<?xml version="1.0" encoding="UTF-8" ?>
<testsuite tests="7" failures="0" name="edu.upc.eetac.dsa.ORMTest" time="0.169" errors="0" skipped="0">
  <properties>
[...]
</properties>
  <testcase classname="edu.upc.eetac.dsa.ORMTest" name="updateObjetoArmarioTest" time="0.116"/>
  <testcase classname="edu.upc.eetac.dsa.ORMTest" name="loginTest" time="0.008"/>
  <testcase classname="edu.upc.eetac.dsa.ORMTest" name="registerTest" time="0.001"/>
  <testcase classname="edu.upc.eetac.dsa.ORMTest" name="getElementosTest" time="0.014"/>
  <testcase classname="edu.upc.eetac.dsa.ORMTest" name="updateTest" time="0.009"/>
  <testcase classname="edu.upc.eetac.dsa.ORMTest" name="findAllTest" time="0.018"/>
  <testcase classname="edu.upc.eetac.dsa.ORMTest" name="deleteTest" time="0.003"/>
</testsuite>